# JRE version: Java(TM) SE Runtime Environment (8.0_60-b27) (build 1.8.0_60-b27)
# Java VM: Java HotSpot(TM) 64-Bit Server VM (25.60-b23 mixed mode bsd-amd64 compressed oops)
Heap:
 PSYoungGen      total 173568K, used 15516K [0x000000076ab00000, 0x000000077a000000, 0x00000007c0000000)
  eden space 163840K, 3% used [0x000000076ab00000,0x000000076b111dc0,0x0000000774b00000)
  from space 9728K, 95% used [0x0000000779680000,0x0000000779f953e0,0x000000077a000000)
  to   space 16896K, 0% used [0x0000000777f00000,0x0000000777f00000,0x0000000778f80000)
 ParOldGen       total 220160K, used 36087K [0x00000006c0000000, 0x00000006cd700000, 0x000000076ab00000)
  object space 220160K, 16% used [0x00000006c0000000,0x00000006c233dec0,0x00000006cd700000)
 Metaspace       used 36349K, capacity 36722K, committed 36992K, reserved 1081344K
  class space    used 4577K, capacity 4673K, committed 4736K, reserved 1048576K
GC Heap History (10 events):
Event: 607.484 GC heap before
{Heap before GC invocations=8 (full 2):
 PSYoungGen      total 76288K, used 65536K [0x000000076ab00000, 0x0000000773600000, 0x00000007c0000000)
  eden space 65536K, 100% used [0x000000076ab00000,0x000000076eb00000,0x000000076eb00000)
  from space 10752K, 0% used [0x000000076eb00000,0x000000076eb00000,0x000000076f580000)
  to   space 16896K, 0% used [0x0000000772580000,0x0000000772580000,0x0000000773600000)
 ParOldGen       total 220160K, used 35447K [0x00000006c0000000, 0x00000006cd700000, 0x000000076ab00000)
  object space 220160K, 16% used [0x00000006c0000000,0x00000006c229dea0,0x00000006cd700000)
 Metaspace       used 31923K, capacity 32212K, committed 32640K, reserved 1077248K
  class space    used 3994K, capacity 4108K, committed 4224K, reserved 1048576K
Event: 607.486 GC heap after
Heap after GC invocations=8 (full 2):
 PSYoungGen      total 122368K, used 0K [0x000000076ab00000, 0x0000000773500000, 0x00000007c0000000)
  eden space 106496K, 0% used [0x000000076ab00000,0x000000076ab00000,0x0000000771300000)
  from space 15872K, 0% used [0x0000000772580000,0x0000000772580000,0x0000000773500000)
  to   space 17408K, 0% used [0x0000000771300000,0x0000000771300000,0x0000000772400000)
 ParOldGen       total 220160K, used 35447K [0x00000006c0000000, 0x00000006cd700000, 0x000000076ab00000)
  object space 220160K, 16% used [0x00000006c0000000,0x00000006c229dea0,0x00000006cd700000)
 Metaspace       used 31923K, capacity 32212K, committed 32640K, reserved 1077248K
  class space    used 3994K, capacity 4108K, committed 4224K, reserved 1048576K
}
Event: 609.775 GC heap before
{Heap before GC invocations=9 (full 2):
 PSYoungGen      total 122368K, used 106496K [0x000000076ab00000, 0x0000000773500000, 0x00000007c0000000)
  eden space 106496K, 100% used [0x000000076ab00000,0x0000000771300000,0x0000000771300000)
  from space 15872K, 0% used [0x0000000772580000,0x0000000772580000,0x0000000773500000)
  to   space 17408K, 0% used [0x0000000771300000,0x0000000771300000,0x0000000772400000)
 ParOldGen       total 220160K, used 35447K [0x00000006c0000000, 0x00000006cd700000, 0x000000076ab00000)
  object space 220160K, 16% used [0x00000006c0000000,0x00000006c229dea0,0x00000006cd700000)
 Metaspace       used 35664K, capacity 35954K, committed 36480K, reserved 1081344K
  class space    used 4517K, capacity 4625K, committed 4736K, reserved 1048576K
Event: 609.783 GC heap after
Heap after GC invocations=9 (full 2):
 PSYoungGen      total 123904K, used 8418K [0x000000076ab00000, 0x0000000777000000, 0x00000007c0000000)
  eden space 106496K, 0% used [0x000000076ab00000,0x000000076ab00000,0x0000000771300000)
  from space 17408K, 48% used [0x0000000771300000,0x0000000771b38898,0x0000000772400000)
  to   space 16896K, 0% used [0x0000000775f80000,0x0000000775f80000,0x0000000777000000)
 ParOldGen       total 220160K, used 35455K [0x00000006c0000000, 0x00000006cd700000, 0x000000076ab00000)
  object space 220160K, 16% used [0x00000006c0000000,0x00000006c229fea0,0x00000006cd700000)
 Metaspace       used 35664K, capacity 35954K, committed 36480K, reserved 1081344K
  class space    used 4517K, capacity 4625K, committed 4736K, reserved 1048576K
}
Event: 610.121 GC heap before
{Heap before GC invocations=10 (full 2):
 PSYoungGen      total 123904K, used 114914K [0x000000076ab00000, 0x0000000777000000, 0x00000007c0000000)
  eden space 106496K, 100% used [0x000000076ab00000,0x0000000771300000,0x0000000771300000)
  from space 17408K, 48% used [0x0000000771300000,0x0000000771b38898,0x0000000772400000)
  to   space 16896K, 0% used [0x0000000775f80000,0x0000000775f80000,0x0000000777000000)
 ParOldGen       total 220160K, used 35455K [0x00000006c0000000, 0x00000006cd700000, 0x000000076ab00000)
  object space 220160K, 16% used [0x00000006c0000000,0x00000006c229fea0,0x00000006cd700000)
 Metaspace       used 35691K, capacity 36018K, committed 36480K, reserved 1081344K
  class space    used 4518K, capacity 4625K, committed 4736K, reserved 1048576K
Event: 610.128 GC heap after
Heap after GC invocations=10 (full 2):
 PSYoungGen      total 185344K, used 4272K [0x000000076ab00000, 0x0000000777380000, 0x00000007c0000000)
  eden space 168448K, 0% used [0x000000076ab00000,0x000000076ab00000,0x0000000774f80000)
  from space 16896K, 25% used [0x0000000775f80000,0x00000007763ac030,0x0000000777000000)
  to   space 16384K, 0% used [0x0000000774f80000,0x0000000774f80000,0x0000000775f80000)
 ParOldGen       total 220160K, used 35463K [0x00000006c0000000, 0x00000006cd700000, 0x000000076ab00000)
  object space 220160K, 16% used [0x00000006c0000000,0x00000006c22a1ea0,0x00000006cd700000)
 Metaspace       used 35691K, capacity 36018K, committed 36480K, reserved 1081344K
  class space    used 4518K, capacity 4625K, committed 4736K, reserved 1048576K
}
Event: 3979.037 GC heap before
{Heap before GC invocations=11 (full 2):
 PSYoungGen      total 185344K, used 172720K [0x000000076ab00000, 0x0000000777380000, 0x00000007c0000000)
  eden space 168448K, 100% used [0x000000076ab00000,0x0000000774f80000,0x0000000774f80000)
  from space 16896K, 25% used [0x0000000775f80000,0x00000007763ac030,0x0000000777000000)
  to   space 16384K, 0% used [0x0000000774f80000,0x0000000774f80000,0x0000000775f80000)
 ParOldGen       total 220160K, used 35463K [0x00000006c0000000, 0x00000006cd700000, 0x000000076ab00000)
  object space 220160K, 16% used [0x00000006c0000000,0x00000006c22a1ea0,0x00000006cd700000)
 Metaspace       used 36277K, capacity 36652K, committed 36992K, reserved 1081344K
  class space    used 4576K, capacity 4672K, committed 4736K, reserved 1048576K
Event: 3979.045 GC heap after
Heap after GC invocations=11 (full 2):
 PSYoungGen      total 184832K, used 10843K [0x000000076ab00000, 0x000000077a700000, 0x00000007c0000000)
  eden space 168448K, 0% used [0x000000076ab00000,0x000000076ab00000,0x0000000774f80000)
  from space 16384K, 66% used [0x0000000774f80000,0x0000000775a16d30,0x0000000775f80000)
  to   space 16896K, 0% used [0x0000000779680000,0x0000000779680000,0x000000077a700000)
 ParOldGen       total 220160K, used 35471K [0x00000006c0000000, 0x00000006cd700000, 0x000000076ab00000)
  object space 220160K, 16% used [0x00000006c0000000,0x00000006c22a3ea0,0x00000006cd700000)
 Metaspace       used 36277K, capacity 36652K, committed 36992K, reserved 1081344K
  class space    used 4576K, capacity 4672K, committed 4736K, reserved 1048576K
}
Event: 19488.368 GC heap before
{Heap before GC invocations=12 (full 2):
 PSYoungGen      total 184832K, used 179291K [0x000000076ab00000, 0x000000077a700000, 0x00000007c0000000)
  eden space 168448K, 100% used [0x000000076ab00000,0x0000000774f80000,0x0000000774f80000)
  from space 16384K, 66% used [0x0000000774f80000,0x0000000775a16d30,0x0000000775f80000)
  to   space 16896K, 0% used [0x0000000779680000,0x0000000779680000,0x000000077a700000)
 ParOldGen       total 220160K, used 35471K [0x00000006c0000000, 0x00000006cd700000, 0x000000076ab00000)
  object space 220160K, 16% used [0x00000006c0000000,0x00000006c22a3ea0,0x00000006cd700000)
 Metaspace       used 36345K, capacity 36722K, committed 36992K, reserved 1081344K
  class space    used 4576K, capacity 4673K, committed 4736K, reserved 1048576K
Event: 19488.514 GC heap after
Heap after GC invocations=12 (full 2):
 PSYoungGen      total 173568K, used 9300K [0x000000076ab00000, 0x000000077a000000, 0x00000007c0000000)
  eden space 163840K, 0% used [0x000000076ab00000,0x000000076ab00000,0x0000000774b00000)
  from space 9728K, 95% used [0x0000000779680000,0x0000000779f953e0,0x000000077a000000)
  to   space 16896K, 0% used [0x0000000777f00000,0x0000000777f00000,0x0000000778f80000)
 ParOldGen       total 220160K, used 36087K [0x00000006c0000000, 0x00000006cd700000, 0x000000076ab00000)
  object space 220160K, 16% used [0x00000006c0000000,0x00000006c233dec0,0x00000006cd700000)
 Metaspace       used 36345K, capacity 36722K, committed 36992K, reserved 1081344K
  class space    used 4576K, capacity 4673K, committed 4736K, reserved 1048576K
}

